{"numTotalTestSuites":153,"numPassedTestSuites":153,"numFailedTestSuites":0,"numPendingTestSuites":0,"numTotalTests":443,"numPassedTests":441,"numFailedTests":0,"numPendingTests":2,"numTodoTests":0,"snapshot":{"added":0,"failure":false,"filesAdded":0,"filesRemoved":0,"filesRemovedList":[],"filesUnmatched":0,"filesUpdated":0,"matched":0,"total":0,"unchecked":0,"uncheckedKeysByFile":[],"unmatched":0,"updated":0,"didUpdate":false},"startTime":1773150500093,"success":true,"testResults":[{"assertionResults":[{"ancestorTitles":["AdminPage"],"fullName":"AdminPage renders the Admin Panel heading for admin users","status":"passed","title":"renders the Admin Panel heading for admin users","duration":89.35069999999996,"failureMessages":[],"meta":{}},{"ancestorTitles":["AdminPage"],"fullName":"AdminPage renders all three tab labels","status":"passed","title":"renders all three tab labels","duration":295.84979999999996,"failureMessages":[],"meta":{}},{"ancestorTitles":["AdminPage"],"fullName":"AdminPage defaults to the User Management tab","status":"passed","title":"defaults to the User Management tab","duration":135.4694999999997,"failureMessages":[],"meta":{}},{"ancestorTitles":["AdminPage"],"fullName":"AdminPage redirects non-admin users away","status":"passed","title":"redirects non-admin users away","duration":0.8611000000000786,"failureMessages":[],"meta":{}},{"ancestorTitles":["AdminPage"],"fullName":"AdminPage shows loading skeleton while auth is resolving","status":"passed","title":"shows loading skeleton while auth is resolving","duration":0.22020000000020445,"failureMessages":[],"meta":{}}],"startTime":1773150510676,"endTime":1773150511198.2202,"status":"passed","message":"","name":"C:/Users/Leonard/Projects/heat-seasons/packages/frontend/__tests__/integration/pages/AdminPage.test.tsx"},{"assertionResults":[{"ancestorTitles":["Given the AuthCallback page","When handling OAuth callback"],"fullName":"Given the AuthCallback page When handling OAuth callback redirects to login with provider error when URL contains error query","status":"passed","title":"redirects to login with provider error when URL contains error query","duration":54.3757999999998,"failureMessages":[],"meta":{}},{"ancestorTitles":["Given the AuthCallback page","When handling OAuth callback"],"fullName":"Given the AuthCallback page When handling OAuth callback redirects to dashboard when auth is loaded and authenticated","status":"passed","title":"redirects to dashboard when auth is loaded and authenticated","duration":18.678499999999985,"failureMessages":[],"meta":{}},{"ancestorTitles":["Given the AuthCallback page","When handling OAuth callback"],"fullName":"Given the AuthCallback page When handling OAuth callback redirects to login with auth_failed when auth is loaded and unauthenticated","status":"passed","title":"redirects to login with auth_failed when auth is loaded and unauthenticated","duration":17.46810000000005,"failureMessages":[],"meta":{}},{"ancestorTitles":["Given the AuthCallback page","When handling OAuth callback"],"fullName":"Given the AuthCallback page When handling OAuth callback shows authenticating message while auth is loading","status":"passed","title":"shows authenticating message while auth is loading","duration":7.427999999999884,"failureMessages":[],"meta":{}}],"startTime":1773150514049,"endTime":1773150514147.428,"status":"passed","message":"","name":"C:/Users/Leonard/Projects/heat-seasons/packages/frontend/__tests__/integration/pages/AuthCallback.test.tsx"},{"assertionResults":[{"ancestorTitles":["Given the Dashboard page","When rendering the dashboard"],"fullName":"Given the Dashboard page When rendering the dashboard displays hero section with welcome message","status":"passed","title":"displays hero section with welcome message","duration":166.56529999999975,"failureMessages":[],"meta":{}},{"ancestorTitles":["Given the Dashboard page","When rendering the dashboard"],"fullName":"Given the Dashboard page When rendering the dashboard displays stats cards with season/race counts","status":"passed","title":"displays stats cards with season/race counts","duration":24.19549999999981,"failureMessages":[],"meta":{}},{"ancestorTitles":["Given the Dashboard page","When rendering the dashboard"],"fullName":"Given the Dashboard page When rendering the dashboard displays podium rankings card","status":"passed","title":"displays podium rankings card","duration":51.90219999999999,"failureMessages":[],"meta":{}},{"ancestorTitles":["Given the Dashboard page","When loading data"],"fullName":"Given the Dashboard page When loading data shows loading skeleton while data fetches","status":"passed","title":"shows loading skeleton while data fetches","duration":19.797299999999723,"failureMessages":[],"meta":{}},{"ancestorTitles":["Given the Dashboard page","When loading data"],"fullName":"Given the Dashboard page When loading data shows empty state when no seasons available","status":"passed","title":"shows empty state when no seasons available","duration":12.07470000000012,"failureMessages":[],"meta":{}},{"ancestorTitles":["Given the Dashboard page","When interacting with dashboard"],"fullName":"Given the Dashboard page When interacting with dashboard navigates to results page on view full standings button click","status":"passed","title":"navigates to results page on view full standings button click","duration":305.9149000000002,"failureMessages":[],"meta":{}},{"ancestorTitles":["Given the Dashboard page","When interacting with dashboard"],"fullName":"Given the Dashboard page When interacting with dashboard displays race information correctly","status":"passed","title":"displays race information correctly","duration":21.170200000000023,"failureMessages":[],"meta":{}},{"ancestorTitles":["Given the Dashboard page","When interacting with dashboard"],"fullName":"Given the Dashboard page When interacting with dashboard shows correct racer standings in podium","status":"passed","title":"shows correct racer standings in podium","duration":27.640300000000025,"failureMessages":[],"meta":{}}],"startTime":1773150507522,"endTime":1773150508153.6404,"status":"passed","message":"","name":"C:/Users/Leonard/Projects/heat-seasons/packages/frontend/__tests__/integration/pages/Dashboard.test.tsx"},{"assertionResults":[{"ancestorTitles":["Given the LoginRegister page","When handling authentication"],"fullName":"Given the LoginRegister page When handling authentication renders the auth form when unauthenticated","status":"passed","title":"renders the auth form when unauthenticated","duration":51.74110000000019,"failureMessages":[],"meta":{}},{"ancestorTitles":["Given the LoginRegister page","When handling authentication"],"fullName":"Given the LoginRegister page When handling authentication redirects to profile when authenticated","status":"passed","title":"redirects to profile when authenticated","duration":24.23140000000012,"failureMessages":[],"meta":{}}],"startTime":1773150514548,"endTime":1773150514624.2314,"status":"passed","message":"","name":"C:/Users/Leonard/Projects/heat-seasons/packages/frontend/__tests__/integration/pages/LoginRegister.test.tsx"},{"assertionResults":[{"ancestorTitles":["Given the ProfilePage","Profile information display"],"fullName":"Given the ProfilePage Profile information display displays user role in badge","status":"passed","title":"displays user role in badge","duration":70.32030000000032,"failureMessages":[],"meta":{}},{"ancestorTitles":["Given the ProfilePage","Profile information display"],"fullName":"Given the ProfilePage Profile information display displays user name in welcome heading","status":"passed","title":"displays user name in welcome heading","duration":10.541200000000117,"failureMessages":[],"meta":{}},{"ancestorTitles":["Given the ProfilePage","Protected page loading behavior"],"fullName":"Given the ProfilePage Protected page loading behavior does not fetch racer while protected page is loading","status":"passed","title":"does not fetch racer while protected page is loading","duration":12.072500000000218,"failureMessages":[],"meta":{}},{"ancestorTitles":["Given the ProfilePage","When loading profile"],"fullName":"Given the ProfilePage When loading profile displays user profile information","status":"passed","title":"displays user profile information","duration":11.136099999999715,"failureMessages":[],"meta":{}},{"ancestorTitles":["Given the ProfilePage","When loading profile"],"fullName":"Given the ProfilePage When loading profile shows loading skeleton while fetching profile","status":"passed","title":"shows loading skeleton while fetching profile","duration":3.7322000000003754,"failureMessages":[],"meta":{}},{"ancestorTitles":["Given the ProfilePage","When loading profile"],"fullName":"Given the ProfilePage When loading profile shows linked racer card if racer exists","status":"passed","title":"shows linked racer card if racer exists","duration":42.6579999999999,"failureMessages":[],"meta":{}},{"ancestorTitles":["Given the ProfilePage","Profile picture and avatar display"],"fullName":"Given the ProfilePage Profile picture and avatar display displays profile picture when user has one","status":"passed","title":"displays profile picture when user has one","duration":29.797900000000027,"failureMessages":[],"meta":{}},{"ancestorTitles":["Given the ProfilePage","Profile picture and avatar display"],"fullName":"Given the ProfilePage Profile picture and avatar display shows fallback avatar with initial when no profile picture","status":"passed","title":"shows fallback avatar with initial when no profile picture","duration":7.253600000000006,"failureMessages":[],"meta":{}},{"ancestorTitles":["Given the ProfilePage","Profile picture and avatar display"],"fullName":"Given the ProfilePage Profile picture and avatar display shows fallback avatar when profile picture fails to load","status":"passed","title":"shows fallback avatar when profile picture fails to load","duration":19.76890000000003,"failureMessages":[],"meta":{}},{"ancestorTitles":["Given the ProfilePage","Profile picture and avatar display"],"fullName":"Given the ProfilePage Profile picture and avatar display updates profile picture when user profilePicture prop changes","status":"passed","title":"updates profile picture when user profilePicture prop changes","duration":38.01319999999987,"failureMessages":[],"meta":{}},{"ancestorTitles":["Given the ProfilePage","Racer creation callback"],"fullName":"Given the ProfilePage Racer creation callback shows create modal when no racer exists and user clicks button","status":"passed","title":"shows create modal when no racer exists and user clicks button","duration":434.12279999999964,"failureMessages":[],"meta":{}},{"ancestorTitles":["Given the ProfilePage","When managing users racer"],"fullName":"Given the ProfilePage When managing users racer shows create button only when no racer exists and not loading","status":"passed","title":"shows create button only when no racer exists and not loading","duration":107.95040000000017,"failureMessages":[],"meta":{}},{"ancestorTitles":["Given the ProfilePage","When managing users racer"],"fullName":"Given the ProfilePage When managing users racer hides create button when racer exists","status":"passed","title":"hides create button when racer exists","duration":34.013200000000325,"failureMessages":[],"meta":{}},{"ancestorTitles":["Given the ProfilePage","When managing users racer"],"fullName":"Given the ProfilePage When managing users racer hides create button while racer is loading","status":"passed","title":"hides create button while racer is loading","duration":75.39699999999948,"failureMessages":[],"meta":{}},{"ancestorTitles":["Given the ProfilePage","When managing users racer"],"fullName":"Given the ProfilePage When managing users racer fetches and displays linked racer information","status":"passed","title":"fetches and displays linked racer information","duration":15.346700000000055,"failureMessages":[],"meta":{}},{"ancestorTitles":["Given the ProfilePage","When managing users racer"],"fullName":"Given the ProfilePage When managing users racer opens edit racer modal when edit button on racer card is clicked","status":"passed","title":"opens edit racer modal when edit button on racer card is clicked","duration":133.83759999999984,"failureMessages":[],"meta":{}},{"ancestorTitles":["Given the ProfilePage","When managing users racer"],"fullName":"Given the ProfilePage When managing users racer closes edit modal when close button is clicked","status":"passed","title":"closes edit modal when close button is clicked","duration":296.5661,"failureMessages":[],"meta":{}},{"ancestorTitles":["Given the ProfilePage","When managing users racer"],"fullName":"Given the ProfilePage When managing users racer open/close edit modal properly manages modal state","status":"passed","title":"open/close edit modal properly manages modal state","duration":291.7524999999996,"failureMessages":[],"meta":{}},{"ancestorTitles":["Given the ProfilePage","When managing users racer"],"fullName":"Given the ProfilePage When managing users racer does not render edit modal when it's not open","status":"passed","title":"does not render edit modal when it's not open","duration":11.460299999999734,"failureMessages":[],"meta":{}},{"ancestorTitles":["Given the ProfilePage","When managing users racer"],"fullName":"Given the ProfilePage When managing users racer does not render create modal when it's not open","status":"passed","title":"does not render create modal when it's not open","duration":17.363900000000285,"failureMessages":[],"meta":{}},{"ancestorTitles":["Given the ProfilePage","When managing users racer"],"fullName":"Given the ProfilePage When managing users racer sets the linked racer to null if API returns no racer","status":"passed","title":"sets the linked racer to null if API returns no racer","duration":24.604999999999563,"failureMessages":[],"meta":{}},{"ancestorTitles":["Given the ProfilePage","When managing users racer"],"fullName":"Given the ProfilePage When managing users racer displays empty state when no racer exists","status":"passed","title":"displays empty state when no racer exists","duration":27.092500000000655,"failureMessages":[],"meta":{}},{"ancestorTitles":["Given the ProfilePage","When managing users racer"],"fullName":"Given the ProfilePage When managing users racer opens create racer modal from profile","status":"passed","title":"opens create racer modal from profile","duration":134.8101999999999,"failureMessages":[],"meta":{}},{"ancestorTitles":["Given the ProfilePage","When managing users racer"],"fullName":"Given the ProfilePage When managing users racer opens create racer modal and displays form fields","status":"passed","title":"opens create racer modal and displays form fields","duration":245.36070000000018,"failureMessages":[],"meta":{}},{"ancestorTitles":["Given the ProfilePage","Account management"],"fullName":"Given the ProfilePage Account management displays logout button in profile section","status":"passed","title":"displays logout button in profile section","duration":29.325200000000223,"failureMessages":[],"meta":{}},{"ancestorTitles":["Given the ProfilePage","Account management"],"fullName":"Given the ProfilePage Account management calls logout when logout button is clicked","status":"passed","title":"calls logout when logout button is clicked","duration":77.50860000000011,"failureMessages":[],"meta":{}},{"ancestorTitles":["Given the ProfilePage","Racer fetch lifecycle"],"fullName":"Given the ProfilePage Racer fetch lifecycle fetches racer on initial mount after protection check","status":"passed","title":"fetches racer on initial mount after protection check","duration":5.886700000000019,"failureMessages":[],"meta":{}},{"ancestorTitles":["Given the ProfilePage","Racer fetch lifecycle"],"fullName":"Given the ProfilePage Racer fetch lifecycle refetches racer when user ID changes","status":"passed","title":"refetches racer when user ID changes","duration":8.781799999999748,"failureMessages":[],"meta":{}},{"ancestorTitles":["Given the ProfilePage","Racer fetch lifecycle"],"fullName":"Given the ProfilePage Racer fetch lifecycle clears error state when retrying fetch","status":"passed","title":"clears error state when retrying fetch","duration":20.957300000000032,"failureMessages":[],"meta":{}},{"ancestorTitles":["Given the ProfilePage","When handling errors"],"fullName":"Given the ProfilePage When handling errors treats 404 error as no racer (not an error state)","status":"passed","title":"treats 404 error as no racer (not an error state)","duration":13.554799999999886,"failureMessages":[],"meta":{}},{"ancestorTitles":["Given the ProfilePage","When handling errors"],"fullName":"Given the ProfilePage When handling errors shows error message for non-404 errors","status":"passed","title":"shows error message for non-404 errors","duration":11.574800000000323,"failureMessages":[],"meta":{}},{"ancestorTitles":["Given the ProfilePage","When handling errors"],"fullName":"Given the ProfilePage When handling errors shows error message when racer fetch fails","status":"passed","title":"shows error message when racer fetch fails","duration":21.119300000000294,"failureMessages":[],"meta":{}}],"startTime":1773150503365,"endTime":1773150505650.1194,"status":"passed","message":"","name":"C:/Users/Leonard/Projects/heat-seasons/packages/frontend/__tests__/integration/pages/ProfilePage.test.tsx"},{"assertionResults":[{"ancestorTitles":["Given the Racers page","When rendering racers list"],"fullName":"Given the Racers page When rendering racers list displays grid of all racers with cards","status":"passed","title":"displays grid of all racers with cards","duration":74.2487000000001,"failureMessages":[],"meta":{}},{"ancestorTitles":["Given the Racers page","When rendering racers list"],"fullName":"Given the Racers page When rendering racers list sorts racers by team","status":"passed","title":"sorts racers by team","duration":418.73839999999973,"failureMessages":[],"meta":{}},{"ancestorTitles":["Given the Racers page","When rendering racers list"],"fullName":"Given the Racers page When rendering racers list shows empty state when no racers exist","status":"passed","title":"shows empty state when no racers exist","duration":4.27579999999989,"failureMessages":[],"meta":{}},{"ancestorTitles":["Given the Racers page","When handling errors"],"fullName":"Given the Racers page When handling errors shows error message when racer fetch fails","status":"skipped","title":"shows error message when racer fetch fails","failureMessages":[],"meta":{}}],"startTime":1773150510462,"endTime":1773150510959.276,"status":"passed","message":"","name":"C:/Users/Leonard/Projects/heat-seasons/packages/frontend/__tests__/integration/pages/Racers.test.tsx"},{"assertionResults":[{"ancestorTitles":["Given the Results page","When interacting with the page"],"fullName":"Given the Results page When interacting with the page renders selectors and aggregated standings rows","status":"passed","title":"renders selectors and aggregated standings rows","duration":371.1237000000001,"failureMessages":[],"meta":{}},{"ancestorTitles":["Given the Results page","When interacting with the page"],"fullName":"Given the Results page When interacting with the page toggles points sorting between ascending and descending","status":"passed","title":"toggles points sorting between ascending and descending","duration":407.6672999999996,"failureMessages":[],"meta":{}},{"ancestorTitles":["Given the Results page","When interacting with the page"],"fullName":"Given the Results page When interacting with the page shows add action for admins and opens add results modal","status":"passed","title":"shows add action for admins and opens add results modal","duration":124.67249999999967,"failureMessages":[],"meta":{}},{"ancestorTitles":["Given the Results page","When interacting with the page"],"fullName":"Given the Results page When interacting with the page shows update action after race selection and opens update modal","status":"passed","title":"shows update action after race selection and opens update modal","duration":236.61340000000018,"failureMessages":[],"meta":{}},{"ancestorTitles":["Given the Results page","When interacting with the page"],"fullName":"Given the Results page When interacting with the page hides add and update actions for non-admin users","status":"passed","title":"hides add and update actions for non-admin users","duration":99.92769999999928,"failureMessages":[],"meta":{}},{"ancestorTitles":["Given the Results page","When interacting with the page"],"fullName":"Given the Results page When interacting with the page calls useRaceResult with the selected season id after season change","status":"passed","title":"calls useRaceResult with the selected season id after season change","duration":123.99019999999928,"failureMessages":[],"meta":{}},{"ancestorTitles":["Given the Results page","When interacting with the page"],"fullName":"Given the Results page When interacting with the page passes loading and error states from hook to table rendering","status":"passed","title":"passes loading and error states from hook to table rendering","duration":9.64810000000034,"failureMessages":[],"meta":{}},{"ancestorTitles":["Given the Results page","When interacting with the page"],"fullName":"Given the Results page When interacting with the page resets update mode when modal closes and add flow is reopened","status":"passed","title":"resets update mode when modal closes and add flow is reopened","duration":553.6845999999996,"failureMessages":[],"meta":{}},{"ancestorTitles":["Given the Results page","When interacting with the page"],"fullName":"Given the Results page When interacting with the page submits add race results and closes modal","status":"passed","title":"submits add race results and closes modal","duration":438.0553999999993,"failureMessages":[],"meta":{}},{"ancestorTitles":["Given the Results page","When interacting with the page"],"fullName":"Given the Results page When interacting with the page submits update race results and closes modal","status":"passed","title":"submits update race results and closes modal","duration":359.35019999999986,"failureMessages":[],"meta":{}}],"startTime":1773150503366,"endTime":1773150506091.35,"status":"passed","message":"","name":"C:/Users/Leonard/Projects/heat-seasons/packages/frontend/__tests__/integration/pages/Results.test.tsx"},{"assertionResults":[{"ancestorTitles":["Given a Seasons page","When rendering seasons"],"fullName":"Given a Seasons page When rendering seasons renders seasons sorted by newest start date first","status":"passed","title":"renders seasons sorted by newest start date first","duration":469.60689999999977,"failureMessages":[],"meta":{}},{"ancestorTitles":["Given a Seasons page","When rendering seasons"],"fullName":"Given a Seasons page When rendering seasons renders a loading skeleton while seasons are loading","status":"passed","title":"renders a loading skeleton while seasons are loading","duration":6.788099999999758,"failureMessages":[],"meta":{}},{"ancestorTitles":["Given a Seasons page","When rendering seasons"],"fullName":"Given a Seasons page When rendering seasons shows create action for admins and opens add season modal","status":"passed","title":"shows create action for admins and opens add season modal","duration":308.6097,"failureMessages":[],"meta":{}},{"ancestorTitles":["Given a Seasons page","When rendering seasons"],"fullName":"Given a Seasons page When rendering seasons hides create action for non-admin users","status":"passed","title":"hides create action for non-admin users","duration":63.24440000000004,"failureMessages":[],"meta":{}},{"ancestorTitles":["Given a Seasons page","When refreshing seasons"],"fullName":"Given a Seasons page When refreshing seasons calls refresh on mount and when refresh button is clicked","status":"passed","title":"calls refresh on mount and when refresh button is clicked","duration":61.96539999999959,"failureMessages":[],"meta":{}},{"ancestorTitles":["Given a Seasons page","When joining a season"],"fullName":"Given a Seasons page When joining a season joins season successfully for authenticated users with a linked racer","status":"passed","title":"joins season successfully for authenticated users with a linked racer","duration":118.89589999999953,"failureMessages":[],"meta":{}},{"ancestorTitles":["Given a Seasons page","When joining a season"],"fullName":"Given a Seasons page When joining a season shows error toast when join fails","status":"passed","title":"shows error toast when join fails","duration":107.22099999999955,"failureMessages":[],"meta":{}},{"ancestorTitles":["Given a Seasons page","When joining a season"],"fullName":"Given a Seasons page When joining a season shows generic error message when join fails without a message","status":"passed","title":"shows generic error message when join fails without a message","duration":107.6873999999998,"failureMessages":[],"meta":{}},{"ancestorTitles":["Given a Seasons page","When joining a season"],"fullName":"Given a Seasons page When joining a season shows error message when join throws an unexpected error","status":"passed","title":"shows error message when join throws an unexpected error","duration":139.84990000000016,"failureMessages":[],"meta":{}},{"ancestorTitles":["Given a Seasons page","When deleting a season"],"fullName":"Given a Seasons page When deleting a season when onDelete is called successfully deletes the season and refreshes the list","status":"passed","title":"when onDelete is called successfully deletes the season and refreshes the list","duration":116.49210000000039,"failureMessages":[],"meta":{}},{"ancestorTitles":["Given a Seasons page","When deleting a season"],"fullName":"Given a Seasons page When deleting a season shows error message when onDelete fails","status":"passed","title":"shows error message when onDelete fails","duration":138.4417999999996,"failureMessages":[],"meta":{}},{"ancestorTitles":["Given a Seasons page","When interacting with modals"],"fullName":"Given a Seasons page When interacting with modals opens add season modal when create button is clicked","status":"passed","title":"opens add season modal when create button is clicked","duration":121.79979999999978,"failureMessages":[],"meta":{}},{"ancestorTitles":["Given a Seasons page","When interacting with modals"],"fullName":"Given a Seasons page When interacting with modals opens edit season modal when edit button is clicked","status":"passed","title":"opens edit season modal when edit button is clicked","duration":262.6246999999994,"failureMessages":[],"meta":{}},{"ancestorTitles":["Given a Seasons page","When interacting with modals"],"fullName":"Given a Seasons page When interacting with modals closes modals when cancel button is clicked","status":"passed","title":"closes modals when cancel button is clicked","duration":582.5946999999996,"failureMessages":[],"meta":{}},{"ancestorTitles":["Given a Seasons page","When interacting with modals"],"fullName":"Given a Seasons page When interacting with modals calls API and refreshes list when season is created","status":"passed","title":"calls API and refreshes list when season is created","duration":258.6391999999996,"failureMessages":[],"meta":{}},{"ancestorTitles":["Given a Seasons page","When interacting with modals"],"fullName":"Given a Seasons page When interacting with modals calls API and refreshes list when season is updated","status":"passed","title":"calls API and refreshes list when season is updated","duration":411.6813999999995,"failureMessages":[],"meta":{}}],"startTime":1773150503369,"endTime":1773150506646.6814,"status":"passed","message":"","name":"C:/Users/Leonard/Projects/heat-seasons/packages/frontend/__tests__/integration/pages/Seasons.test.tsx"},{"assertionResults":[{"ancestorTitles":["Given the Teams page","When rendering teams list"],"fullName":"Given the Teams page When rendering teams list displays all unique teams from racers","status":"passed","title":"displays all unique teams from racers","duration":136.4952000000003,"failureMessages":[],"meta":{}},{"ancestorTitles":["Given the Teams page","When rendering teams list"],"fullName":"Given the Teams page When rendering teams list shows empty state when no racers exist","status":"passed","title":"shows empty state when no racers exist","duration":6.211999999999989,"failureMessages":[],"meta":{}},{"ancestorTitles":["Given the Teams page","When loading data"],"fullName":"Given the Teams page When loading data shows loading skeleton while fetching teams","status":"passed","title":"shows loading skeleton while fetching teams","duration":12.203899999999976,"failureMessages":[],"meta":{}},{"ancestorTitles":["Given the Teams page","When interacting with teams"],"fullName":"Given the Teams page When interacting with teams navigates to team details page on card click","status":"skipped","title":"navigates to team details page on card click","failureMessages":[],"meta":{}}],"startTime":1773150513934,"endTime":1773150514089.2039,"status":"passed","message":"","name":"C:/Users/Leonard/Projects/heat-seasons/packages/frontend/__tests__/integration/pages/Teams.test.tsx"},{"assertionResults":[{"ancestorTitles":["useAuth hook"],"fullName":"useAuth hook throws when called outside AuthContext provider","status":"passed","title":"throws when called outside AuthContext provider","duration":10.126899999999978,"failureMessages":[],"meta":{}},{"ancestorTitles":["useAuth hook"],"fullName":"useAuth hook returns auth context value from provider","status":"passed","title":"returns auth context value from provider","duration":2.5599999999999454,"failureMessages":[],"meta":{}}],"startTime":1773150515693,"endTime":1773150515705.56,"status":"passed","message":"","name":"C:/Users/Leonard/Projects/heat-seasons/packages/frontend/__tests__/unit/hooks/useAuth.test.tsx"},{"assertionResults":[{"ancestorTitles":["useDebounce hook","When debouncing values"],"fullName":"useDebounce hook When debouncing values returns initial value immediately","status":"passed","title":"returns initial value immediately","duration":21.83789999999999,"failureMessages":[],"meta":{}},{"ancestorTitles":["useDebounce hook","When debouncing values"],"fullName":"useDebounce hook When debouncing values delays value update by specified delay","status":"passed","title":"delays value update by specified delay","duration":5.307600000000093,"failureMessages":[],"meta":{}},{"ancestorTitles":["useDebounce hook","When debouncing values"],"fullName":"useDebounce hook When debouncing values only updates after delay period of inactivity","status":"passed","title":"only updates after delay period of inactivity","duration":4.208699999999681,"failureMessages":[],"meta":{}},{"ancestorTitles":["useDebounce hook","When debouncing values"],"fullName":"useDebounce hook When debouncing values preserves string value type","status":"passed","title":"preserves string value type","duration":2.759700000000066,"failureMessages":[],"meta":{}},{"ancestorTitles":["useDebounce hook","When debouncing values"],"fullName":"useDebounce hook When debouncing values preserves number value type","status":"passed","title":"preserves number value type","duration":2.9713000000001557,"failureMessages":[],"meta":{}},{"ancestorTitles":["useDebounce hook","When debouncing values"],"fullName":"useDebounce hook When debouncing values preserves object value type","status":"passed","title":"preserves object value type","duration":2.491599999999835,"failureMessages":[],"meta":{}},{"ancestorTitles":["useDebounce hook","When handling multiple rapid updates"],"fullName":"useDebounce hook When handling multiple rapid updates cancels previous debounce when value changes","status":"passed","title":"cancels previous debounce when value changes","duration":2.5979999999999563,"failureMessages":[],"meta":{}},{"ancestorTitles":["useDebounce hook","When handling multiple rapid updates"],"fullName":"useDebounce hook When handling multiple rapid updates cleans up timer on unmount","status":"passed","title":"cleans up timer on unmount","duration":3.654399999999896,"failureMessages":[],"meta":{}}],"startTime":1773150514978,"endTime":1773150515024.6543,"status":"passed","message":"","name":"C:/Users/Leonard/Projects/heat-seasons/packages/frontend/__tests__/unit/hooks/useDebounce.test.tsx"},{"assertionResults":[{"ancestorTitles":["useProtectedPage hook"],"fullName":"useProtectedPage hook returns isLoading from auth context","status":"passed","title":"returns isLoading from auth context","duration":13.195799999999963,"failureMessages":[],"meta":{}},{"ancestorTitles":["useProtectedPage hook"],"fullName":"useProtectedPage hook navigates to /login when there is no user and loading is false","status":"passed","title":"navigates to /login when there is no user and loading is false","duration":2.6169000000002143,"failureMessages":[],"meta":{}},{"ancestorTitles":["useProtectedPage hook"],"fullName":"useProtectedPage hook does not navigate while loading","status":"passed","title":"does not navigate while loading","duration":1.5573000000001684,"failureMessages":[],"meta":{}},{"ancestorTitles":["useProtectedPage hook"],"fullName":"useProtectedPage hook does not navigate when a user is present","status":"passed","title":"does not navigate when a user is present","duration":1.1256999999998243,"failureMessages":[],"meta":{}}],"startTime":1773150515618,"endTime":1773150515636.1257,"status":"passed","message":"","name":"C:/Users/Leonard/Projects/heat-seasons/packages/frontend/__tests__/unit/hooks/useProtectedPage.test.tsx"},{"assertionResults":[{"ancestorTitles":["useRaceResult hook"],"fullName":"useRaceResult hook does not fetch races when season id is empty","status":"passed","title":"does not fetch races when season id is empty","duration":19.187199999999848,"failureMessages":[],"meta":{}},{"ancestorTitles":["useRaceResult hook"],"fullName":"useRaceResult hook fetches races and aggregates standings when race id is empty","status":"passed","title":"fetches races and aggregates standings when race id is empty","duration":95.32580000000007,"failureMessages":[],"meta":{}},{"ancestorTitles":["useRaceResult hook"],"fullName":"useRaceResult hook returns selected race results sorted by position","status":"passed","title":"returns selected race results sorted by position","duration":74.50420000000031,"failureMessages":[],"meta":{}},{"ancestorTitles":["useRaceResult hook"],"fullName":"useRaceResult hook sets error when selected race is not found","status":"passed","title":"sets error when selected race is not found","duration":3.8894000000000233,"failureMessages":[],"meta":{}},{"ancestorTitles":["useRaceResult hook"],"fullName":"useRaceResult hook does not compute results while racers are loading","status":"passed","title":"does not compute results while racers are loading","duration":71.16110000000026,"failureMessages":[],"meta":{}}],"startTime":1773150513901,"endTime":1773150514165.1611,"status":"passed","message":"","name":"C:/Users/Leonard/Projects/heat-seasons/packages/frontend/__tests__/unit/hooks/useRaceResult.test.tsx"},{"assertionResults":[{"ancestorTitles":["useRacers hook","When calling useRacers"],"fullName":"useRacers hook When calling useRacers returns racers data from context","status":"passed","title":"returns racers data from context","duration":18.28970000000004,"failureMessages":[],"meta":{}},{"ancestorTitles":["useRacers hook","When calling useRacers"],"fullName":"useRacers hook When calling useRacers returns loading state when fetching","status":"passed","title":"returns loading state when fetching","duration":2.4688999999998487,"failureMessages":[],"meta":{}},{"ancestorTitles":["useRacers hook","When calling useRacers"],"fullName":"useRacers hook When calling useRacers returns error state when fetch fails","status":"passed","title":"returns error state when fetch fails","duration":1.8035999999999603,"failureMessages":[],"meta":{}},{"ancestorTitles":["useRacers hook","When calling useRacers"],"fullName":"useRacers hook When calling useRacers returns error state when fetch fails","status":"passed","title":"returns error state when fetch fails","duration":1.6541999999999462,"failureMessages":[],"meta":{}},{"ancestorTitles":["useRacers hook","When refreshing racers"],"fullName":"useRacers hook When refreshing racers calls refresh function","status":"passed","title":"calls refresh function","duration":3.061200000000099,"failureMessages":[],"meta":{}}],"startTime":1773150515542,"endTime":1773150515570.0613,"status":"passed","message":"","name":"C:/Users/Leonard/Projects/heat-seasons/packages/frontend/__tests__/unit/hooks/useRacers.test.tsx"},{"assertionResults":[{"ancestorTitles":["useSeasons hook","When calling useSeasons"],"fullName":"useSeasons hook When calling useSeasons returns seasons data from context","status":"passed","title":"returns seasons data from context","duration":17.94789999999989,"failureMessages":[],"meta":{}},{"ancestorTitles":["useSeasons hook","When calling useSeasons"],"fullName":"useSeasons hook When calling useSeasons returns loading state when fetching","status":"passed","title":"returns loading state when fetching","duration":2.8425999999999476,"failureMessages":[],"meta":{}},{"ancestorTitles":["useSeasons hook","When calling useSeasons"],"fullName":"useSeasons hook When calling useSeasons returns error state when fetch fails","status":"passed","title":"returns error state when fetch fails","duration":2.7713000000001102,"failureMessages":[],"meta":{}},{"ancestorTitles":["useSeasons hook","When refreshing seasons"],"fullName":"useSeasons hook When refreshing seasons calls refresh function","status":"passed","title":"calls refresh function","duration":2.5549999999998363,"failureMessages":[],"meta":{}},{"ancestorTitles":["useActiveSeason hook","When calling useActiveSeason"],"fullName":"useActiveSeason hook When calling useActiveSeason returns the active season from list","status":"passed","title":"returns the active season from list","duration":3.4427999999998065,"failureMessages":[],"meta":{}},{"ancestorTitles":["useActiveSeason hook","When calling useActiveSeason"],"fullName":"useActiveSeason hook When calling useActiveSeason returns null when no active season exists","status":"passed","title":"returns null when no active season exists","duration":1.3877999999999702,"failureMessages":[],"meta":{}}],"startTime":1773150515404,"endTime":1773150515435.3877,"status":"passed","message":"","name":"C:/Users/Leonard/Projects/heat-seasons/packages/frontend/__tests__/unit/hooks/useSeasons.test.tsx"},{"assertionResults":[{"ancestorTitles":["AuthProvider","When initializing authentication"],"fullName":"AuthProvider When initializing authentication initializes with loading state true on mount","status":"passed","title":"initializes with loading state true on mount","duration":53.81240000000025,"failureMessages":[],"meta":{}},{"ancestorTitles":["AuthProvider","When initializing authentication"],"fullName":"AuthProvider When initializing authentication calls checkAuth on mount","status":"passed","title":"calls checkAuth on mount","duration":7.367499999999836,"failureMessages":[],"meta":{}},{"ancestorTitles":["AuthProvider","When initializing authentication"],"fullName":"AuthProvider When initializing authentication sets user and authenticated state when checkAuth succeeds","status":"passed","title":"sets user and authenticated state when checkAuth succeeds","duration":6.169499999999971,"failureMessages":[],"meta":{}},{"ancestorTitles":["AuthProvider","When initializing authentication"],"fullName":"AuthProvider When initializing authentication sets isAuthenticated to false and user to null when checkAuth fails","status":"passed","title":"sets isAuthenticated to false and user to null when checkAuth fails","duration":18.69489999999996,"failureMessages":[],"meta":{}},{"ancestorTitles":["AuthProvider","When handling role-based permissions"],"fullName":"AuthProvider When handling role-based permissions sets isAdmin to true when user role is admin","status":"passed","title":"sets isAdmin to true when user role is admin","duration":5.908199999999852,"failureMessages":[],"meta":{}},{"ancestorTitles":["AuthProvider","When handling role-based permissions"],"fullName":"AuthProvider When handling role-based permissions sets isAdmin to false when user role is not admin","status":"passed","title":"sets isAdmin to false when user role is not admin","duration":3.8420000000000982,"failureMessages":[],"meta":{}},{"ancestorTitles":["AuthProvider","When handling role-based permissions"],"fullName":"AuthProvider When handling role-based permissions sets isContributor to true when user role is contributor","status":"passed","title":"sets isContributor to true when user role is contributor","duration":5.7608000000000175,"failureMessages":[],"meta":{}},{"ancestorTitles":["AuthProvider","When handling role-based permissions"],"fullName":"AuthProvider When handling role-based permissions sets isContributor to true when user role is admin","status":"passed","title":"sets isContributor to true when user role is admin","duration":10.112999999999829,"failureMessages":[],"meta":{}},{"ancestorTitles":["AuthProvider","When handling role-based permissions"],"fullName":"AuthProvider When handling role-based permissions sets isContributor to false when user role is user","status":"passed","title":"sets isContributor to false when user role is user","duration":8.992600000000039,"failureMessages":[],"meta":{}},{"ancestorTitles":["AuthProvider","When user logs out"],"fullName":"AuthProvider When user logs out calls logout endpoint when logout is clicked","status":"passed","title":"calls logout endpoint when logout is clicked","duration":27.338200000000143,"failureMessages":[],"meta":{}},{"ancestorTitles":["AuthProvider","When user logs out"],"fullName":"AuthProvider When user logs out clears user data after logout","status":"passed","title":"clears user data after logout","duration":15.848100000000159,"failureMessages":[],"meta":{}},{"ancestorTitles":["AuthProvider","When user logs out"],"fullName":"AuthProvider When user logs out redirects to home page after logout","status":"passed","title":"redirects to home page after logout","duration":16.76650000000018,"failureMessages":[],"meta":{}},{"ancestorTitles":["AuthProvider","When user logs in with Google"],"fullName":"AuthProvider When user logs in with Google redirects to Google auth URL when loginWithGoogle is called","status":"passed","title":"redirects to Google auth URL when loginWithGoogle is called","duration":5.393499999999676,"failureMessages":[],"meta":{}},{"ancestorTitles":["AuthProvider","When refreshing user"],"fullName":"AuthProvider When refreshing user fetches updated user data when refreshUser is called","status":"passed","title":"fetches updated user data when refreshUser is called","duration":12.006999999999607,"failureMessages":[],"meta":{}},{"ancestorTitles":["AuthProvider","When refreshing user"],"fullName":"AuthProvider When refreshing user calls /auth/me endpoint when refreshUser is called","status":"passed","title":"calls /auth/me endpoint when refreshUser is called","duration":9.66780000000017,"failureMessages":[],"meta":{}},{"ancestorTitles":["AuthProvider","When consuming auth context"],"fullName":"AuthProvider When consuming auth context provides complete auth context to consumers","status":"passed","title":"provides complete auth context to consumers","duration":6.479499999999916,"failureMessages":[],"meta":{}},{"ancestorTitles":["AuthProvider","When consuming auth context"],"fullName":"AuthProvider When consuming auth context updates context when authentication state changes","status":"passed","title":"updates context when authentication state changes","duration":12.69589999999971,"failureMessages":[],"meta":{}},{"ancestorTitles":["AuthProvider","When handling errors"],"fullName":"AuthProvider When handling errors clears user data on API error","status":"passed","title":"clears user data on API error","duration":3.565099999999802,"failureMessages":[],"meta":{}},{"ancestorTitles":["AuthProvider","When handling errors"],"fullName":"AuthProvider When handling errors continues to work when refresh fails","status":"passed","title":"continues to work when refresh fails","duration":6.166099999999915,"failureMessages":[],"meta":{}},{"ancestorTitles":["AuthProvider","When handling errors"],"fullName":"AuthProvider When handling errors continues to work when logout fails","status":"passed","title":"continues to work when logout fails","duration":6.789900000000216,"failureMessages":[],"meta":{}}],"startTime":1773150511803,"endTime":1773150512047.7898,"status":"passed","message":"","name":"C:/Users/Leonard/Projects/heat-seasons/packages/frontend/__tests__/unit/providers/AuthProvider.test.tsx"},{"assertionResults":[{"ancestorTitles":["DataProvider","When initializing provider"],"fullName":"DataProvider When initializing provider initializes with empty racers and no seasons","status":"passed","title":"initializes with empty racers and no seasons","duration":46.654599999999846,"failureMessages":[],"meta":{}},{"ancestorTitles":["DataProvider","When initializing provider"],"fullName":"DataProvider When initializing provider calls both getAllRacers and getSeasons on mount","status":"passed","title":"calls both getAllRacers and getSeasons on mount","duration":20.91080000000011,"failureMessages":[],"meta":{}},{"ancestorTitles":["DataProvider","When initializing provider"],"fullName":"DataProvider When initializing provider sets loading state during initialization","status":"passed","title":"sets loading state during initialization","duration":24.133200000000215,"failureMessages":[],"meta":{}},{"ancestorTitles":["DataProvider","When initializing provider"],"fullName":"DataProvider When initializing provider clears error state on successful mount","status":"passed","title":"clears error state on successful mount","duration":6.81060000000025,"failureMessages":[],"meta":{}},{"ancestorTitles":["DataProvider","When fetching data successfully"],"fullName":"DataProvider When fetching data successfully provides fetched seasons to context","status":"passed","title":"provides fetched seasons to context","duration":6.828399999999874,"failureMessages":[],"meta":{}},{"ancestorTitles":["DataProvider","When fetching data successfully"],"fullName":"DataProvider When fetching data successfully provides fetched racers to context","status":"passed","title":"provides fetched racers to context","duration":14.846099999999751,"failureMessages":[],"meta":{}},{"ancestorTitles":["DataProvider","When fetching data successfully"],"fullName":"DataProvider When fetching data successfully updates context counts after both fetches complete","status":"passed","title":"updates context counts after both fetches complete","duration":11.136299999999665,"failureMessages":[],"meta":{}},{"ancestorTitles":["DataProvider","When fetching data successfully"],"fullName":"DataProvider When fetching data successfully sets loading to false after data fetch completes","status":"passed","title":"sets loading to false after data fetch completes","duration":8.32510000000002,"failureMessages":[],"meta":{}},{"ancestorTitles":["DataProvider","When refreshing data"],"fullName":"DataProvider When refreshing data refetches all data when refresh() is called","status":"passed","title":"refetches all data when refresh() is called","duration":300.0542999999998,"failureMessages":[],"meta":{}},{"ancestorTitles":["DataProvider","When refreshing data"],"fullName":"DataProvider When refreshing data refetches only racers when refreshRacers() is called","status":"passed","title":"refetches only racers when refreshRacers() is called","duration":99.86419999999998,"failureMessages":[],"meta":{}},{"ancestorTitles":["DataProvider","When refreshing data"],"fullName":"DataProvider When refreshing data refetches only seasons when refreshSeasons() is called","status":"passed","title":"refetches only seasons when refreshSeasons() is called","duration":109.36999999999989,"failureMessages":[],"meta":{}},{"ancestorTitles":["DataProvider","When handling errors"],"fullName":"DataProvider When handling errors handles season fetch errors gracefully","status":"passed","title":"handles season fetch errors gracefully","duration":5.384900000000016,"failureMessages":[],"meta":{}},{"ancestorTitles":["DataProvider","When handling errors"],"fullName":"DataProvider When handling errors handles racer fetch errors gracefully","status":"passed","title":"handles racer fetch errors gracefully","duration":17.978399999999965,"failureMessages":[],"meta":{}},{"ancestorTitles":["DataProvider","When handling errors"],"fullName":"DataProvider When handling errors continues fetching other data if one fetch fails","status":"passed","title":"continues fetching other data if one fetch fails","duration":17.989900000000034,"failureMessages":[],"meta":{}},{"ancestorTitles":["DataProvider","When handling errors"],"fullName":"DataProvider When handling errors allows recovery from errors via refresh","status":"passed","title":"allows recovery from errors via refresh","duration":88.88450000000012,"failureMessages":[],"meta":{}},{"ancestorTitles":["DataProvider","When handling errors"],"fullName":"DataProvider When handling errors sets loading to false even when error occurs","status":"passed","title":"sets loading to false even when error occurs","duration":10.105800000000272,"failureMessages":[],"meta":{}},{"ancestorTitles":["DataProvider","When consuming context"],"fullName":"DataProvider When consuming context provides complete data context with all properties","status":"passed","title":"provides complete data context with all properties","duration":17.852300000000014,"failureMessages":[],"meta":{}},{"ancestorTitles":["DataProvider","When consuming context"],"fullName":"DataProvider When consuming context provides refresh methods to consumers","status":"passed","title":"provides refresh methods to consumers","duration":4.714100000000144,"failureMessages":[],"meta":{}},{"ancestorTitles":["DataProvider","When consuming context"],"fullName":"DataProvider When consuming context updates context when data changes after refresh","status":"passed","title":"updates context when data changes after refresh","duration":78.0618999999997,"failureMessages":[],"meta":{}},{"ancestorTitles":["DataProvider","When consuming context"],"fullName":"DataProvider When consuming context throws error when used outside provider","status":"passed","title":"throws error when used outside provider","duration":1.48929999999973,"failureMessages":[],"meta":{}}],"startTime":1773150506650,"endTime":1773150507542.4893,"status":"passed","message":"","name":"C:/Users/Leonard/Projects/heat-seasons/packages/frontend/__tests__/unit/providers/DataProvider.test.tsx"},{"assertionResults":[{"ancestorTitles":["Given an API client"],"fullName":"Given an API client returns parsed data on successful fetch","status":"passed","title":"returns parsed data on successful fetch","duration":2.36830000000009,"failureMessages":[],"meta":{}},{"ancestorTitles":["Given an API client"],"fullName":"Given an API client throws ApiError when API returns success=false","status":"passed","title":"throws ApiError when API returns success=false","duration":1.3488999999999578,"failureMessages":[],"meta":{}},{"ancestorTitles":["Given an API client"],"fullName":"Given an API client stringifies body for POST and includes credentials/headers","status":"passed","title":"stringifies body for POST and includes credentials/headers","duration":0.7838999999999032,"failureMessages":[],"meta":{}},{"ancestorTitles":["Given an API client"],"fullName":"Given an API client stringifies body for PUT and includes credentials/headers","status":"passed","title":"stringifies body for PUT and includes credentials/headers","duration":0.7675000000001546,"failureMessages":[],"meta":{}},{"ancestorTitles":["Given an API client"],"fullName":"Given an API client stringifies body for PATCH and includes credentials/headers","status":"passed","title":"stringifies body for PATCH and includes credentials/headers","duration":0.5540000000000873,"failureMessages":[],"meta":{}},{"ancestorTitles":["Given an API client"],"fullName":"Given an API client handles DELETE method without body but includes credentials/headers","status":"passed","title":"handles DELETE method without body but includes credentials/headers","duration":0.38850000000002183,"failureMessages":[],"meta":{}},{"ancestorTitles":["Given an API client"],"fullName":"Given an API client maps network errors to ApiError with status 0","status":"passed","title":"maps network errors to ApiError with status 0","duration":0.47700000000008913,"failureMessages":[],"meta":{}},{"ancestorTitles":["Given an API client"],"fullName":"Given an API client maps AbortError to ApiError with message 'Request cancelled'","status":"passed","title":"maps AbortError to ApiError with message 'Request cancelled'","duration":0.31179999999994834,"failureMessages":[],"meta":{}},{"ancestorTitles":["Given an API client"],"fullName":"Given an API client setDefaultHeader and removeDefaultHeader affect request headers","status":"passed","title":"setDefaultHeader and removeDefaultHeader affect request headers","duration":0.692600000000084,"failureMessages":[],"meta":{}}],"startTime":1773150515718,"endTime":1773150515725.6926,"status":"passed","message":"","name":"C:/Users/Leonard/Projects/heat-seasons/packages/frontend/__tests__/unit/services/apiClient.test.ts"},{"assertionResults":[{"ancestorTitles":["API wrapper functions","season API"],"fullName":"API wrapper functions season API getSeasons calls apiClient.get","status":"passed","title":"getSeasons calls apiClient.get","duration":2.027499999999918,"failureMessages":[],"meta":{}},{"ancestorTitles":["API wrapper functions","season API"],"fullName":"API wrapper functions season API getSeasonById calls apiClient.get with id","status":"passed","title":"getSeasonById calls apiClient.get with id","duration":0.2778000000000702,"failureMessages":[],"meta":{}},{"ancestorTitles":["API wrapper functions","season API"],"fullName":"API wrapper functions season API createSeason posts correct body","status":"passed","title":"createSeason posts correct body","duration":0.6006999999999607,"failureMessages":[],"meta":{}},{"ancestorTitles":["API wrapper functions","season API"],"fullName":"API wrapper functions season API updateSeason excludes undefined fields","status":"passed","title":"updateSeason excludes undefined fields","duration":0.5535999999999603,"failureMessages":[],"meta":{}},{"ancestorTitles":["API wrapper functions","season API"],"fullName":"API wrapper functions season API deleteSeason calls delete","status":"passed","title":"deleteSeason calls delete","duration":0.22749999999996362,"failureMessages":[],"meta":{}},{"ancestorTitles":["API wrapper functions","season API"],"fullName":"API wrapper functions season API getSeasonParticipants calls correct endpoint","status":"passed","title":"getSeasonParticipants calls correct endpoint","duration":0.22479999999995925,"failureMessages":[],"meta":{}},{"ancestorTitles":["API wrapper functions","season API"],"fullName":"API wrapper functions season API joinSeason posts to join endpoint","status":"passed","title":"joinSeason posts to join endpoint","duration":0.23739999999997963,"failureMessages":[],"meta":{}},{"ancestorTitles":["API wrapper functions","races API"],"fullName":"API wrapper functions races API GetRacesBySeason builds query","status":"passed","title":"GetRacesBySeason builds query","duration":0.21309999999994034,"failureMessages":[],"meta":{}},{"ancestorTitles":["API wrapper functions","races API"],"fullName":"API wrapper functions races API GetRaceById calls correct path","status":"passed","title":"GetRaceById calls correct path","duration":0.48919999999998254,"failureMessages":[],"meta":{}},{"ancestorTitles":["API wrapper functions","races API"],"fullName":"API wrapper functions races API CreateRace posts with seasonId query and body","status":"passed","title":"CreateRace posts with seasonId query and body","duration":0.3851999999999407,"failureMessages":[],"meta":{}},{"ancestorTitles":["API wrapper functions","races API"],"fullName":"API wrapper functions races API UpdateRace puts to correct path","status":"passed","title":"UpdateRace puts to correct path","duration":0.21550000000002,"failureMessages":[],"meta":{}},{"ancestorTitles":["API wrapper functions","racer API"],"fullName":"API wrapper functions racer API getAllRacers calls get /racers","status":"passed","title":"getAllRacers calls get /racers","duration":0.1370999999999185,"failureMessages":[],"meta":{}},{"ancestorTitles":["API wrapper functions","racer API"],"fullName":"API wrapper functions racer API getRacerById calls path","status":"passed","title":"getRacerById calls path","duration":0.13330000000019027,"failureMessages":[],"meta":{}},{"ancestorTitles":["API wrapper functions","racer API"],"fullName":"API wrapper functions racer API getMyRacer calls /racers/me","status":"passed","title":"getMyRacer calls /racers/me","duration":0.12440000000015061,"failureMessages":[],"meta":{}},{"ancestorTitles":["API wrapper functions","racer API"],"fullName":"API wrapper functions racer API createRacer posts data","status":"passed","title":"createRacer posts data","duration":0.17689999999993233,"failureMessages":[],"meta":{}},{"ancestorTitles":["API wrapper functions","racer API"],"fullName":"API wrapper functions racer API updateRacer puts data","status":"passed","title":"updateRacer puts data","duration":0.20090000000004693,"failureMessages":[],"meta":{}}],"startTime":1773150515759,"endTime":1773150515766.201,"status":"passed","message":"","name":"C:/Users/Leonard/Projects/heat-seasons/packages/frontend/__tests__/unit/services/apiWrappers.test.ts"},{"assertionResults":[{"ancestorTitles":["Button Component"],"fullName":"Button Component renders a button with default props","status":"passed","title":"renders a button with default props","duration":35.63209999999981,"failureMessages":[],"meta":{}},{"ancestorTitles":["Button Component"],"fullName":"Button Component renders a button with custom className and style","status":"passed","title":"renders a button with custom className and style","duration":5.167500000000018,"failureMessages":[],"meta":{}},{"ancestorTitles":["Button Component"],"fullName":"Button Component renders a button with different variants","status":"passed","title":"renders a button with different variants","duration":15.916700000000219,"failureMessages":[],"meta":{}},{"ancestorTitles":["Button Component"],"fullName":"Button Component calls onClick handler when button is clicked","status":"passed","title":"calls onClick handler when button is clicked","duration":308.0205000000001,"failureMessages":[],"meta":{}},{"ancestorTitles":["Button Component"],"fullName":"Button Component does not call onClick handler when button is disabled","status":"passed","title":"does not call onClick handler when button is disabled","duration":53.00139999999965,"failureMessages":[],"meta":{}},{"ancestorTitles":["Button Component"],"fullName":"Button Component calls onClick handler when Enter key is pressed","status":"passed","title":"calls onClick handler when Enter key is pressed","duration":35.73960000000034,"failureMessages":[],"meta":{}},{"ancestorTitles":["Button Component"],"fullName":"Button Component calls onClick handler when Space key is pressed","status":"passed","title":"calls onClick handler when Space key is pressed","duration":54.58020000000033,"failureMessages":[],"meta":{}}],"startTime":1773150510128,"endTime":1773150510636.58,"status":"passed","message":"","name":"C:/Users/Leonard/Projects/heat-seasons/packages/frontend/__tests__/unit/components/common/Button.test.tsx"},{"assertionResults":[{"ancestorTitles":["Card Component"],"fullName":"Card Component renders a card with default props","status":"passed","title":"renders a card with default props","duration":36.24260000000004,"failureMessages":[],"meta":{}},{"ancestorTitles":["Card Component"],"fullName":"Card Component renders a card with custom className and style","status":"passed","title":"renders a card with custom className and style","duration":21.817499999999654,"failureMessages":[],"meta":{}},{"ancestorTitles":["Card Component"],"fullName":"Card Component renders a card with the compact variant","status":"passed","title":"renders a card with the compact variant","duration":4.807299999999941,"failureMessages":[],"meta":{}},{"ancestorTitles":["Card Component"],"fullName":"Card Component calls onClick handler when card is clicked","status":"passed","title":"calls onClick handler when card is clicked","duration":280.57019999999966,"failureMessages":[],"meta":{}},{"ancestorTitles":["Card Component"],"fullName":"Card Component calls onClick handler when Enter key is pressed","status":"passed","title":"calls onClick handler when Enter key is pressed","duration":110.59810000000016,"failureMessages":[],"meta":{}},{"ancestorTitles":["Card Component"],"fullName":"Card Component calls onClick handler when Space key is pressed","status":"passed","title":"calls onClick handler when Space key is pressed","duration":64.74929999999995,"failureMessages":[],"meta":{}},{"ancestorTitles":["Card Component"],"fullName":"Card Component does not have button role when onClick is not provided","status":"passed","title":"does not have button role when onClick is not provided","duration":2.5950000000002547,"failureMessages":[],"meta":{}}],"startTime":1773150510760,"endTime":1773150511281.595,"status":"passed","message":"","name":"C:/Users/Leonard/Projects/heat-seasons/packages/frontend/__tests__/unit/components/common/Card.test.tsx"},{"assertionResults":[{"ancestorTitles":["FormGroup Component"],"fullName":"FormGroup Component renders label and children","status":"passed","title":"renders label and children","duration":46.42500000000018,"failureMessages":[],"meta":{}},{"ancestorTitles":["FormGroup Component"],"fullName":"FormGroup Component applies custom className","status":"passed","title":"applies custom className","duration":6.882599999999911,"failureMessages":[],"meta":{}},{"ancestorTitles":["FormGroup Component"],"fullName":"FormGroup Component associates label with input using htmlFor and id","status":"passed","title":"associates label with input using htmlFor and id","duration":4.964299999999639,"failureMessages":[],"meta":{}},{"ancestorTitles":["FormGroup Component"],"fullName":"FormGroup Component renders input element when element prop is 'input'","status":"passed","title":"renders input element when element prop is 'input'","duration":254.69979999999987,"failureMessages":[],"meta":{}},{"ancestorTitles":["FormGroup Component"],"fullName":"FormGroup Component renders textarea element when element prop is 'textarea'","status":"passed","title":"renders textarea element when element prop is 'textarea'","duration":55.29160000000002,"failureMessages":[],"meta":{}},{"ancestorTitles":["FormGroup Component"],"fullName":"FormGroup Component calls onChange handler when input value changes","status":"passed","title":"calls onChange handler when input value changes","duration":184.25289999999995,"failureMessages":[],"meta":{}},{"ancestorTitles":["FormGroup Component"],"fullName":"FormGroup Component disables input when disabled prop is true","status":"passed","title":"disables input when disabled prop is true","duration":4.2146999999999935,"failureMessages":[],"meta":{}},{"ancestorTitles":["FormGroup Component"],"fullName":"FormGroup Component renders children when element prop is not 'input' or 'textarea'","status":"passed","title":"renders children when element prop is not 'input' or 'textarea'","duration":3.783499999999549,"failureMessages":[],"meta":{}}],"startTime":1773150507556,"endTime":1773150508116.7834,"status":"passed","message":"","name":"C:/Users/Leonard/Projects/heat-seasons/packages/frontend/__tests__/unit/components/common/FormGroup.test.tsx"},{"assertionResults":[{"ancestorTitles":["LoadingSkeletonCard Component"],"fullName":"LoadingSkeletonCard Component renders with default props","status":"passed","title":"renders with default props","duration":289.95859999999993,"failureMessages":[],"meta":{}},{"ancestorTitles":["LoadingSkeletonCard Component"],"fullName":"LoadingSkeletonCard Component renders with custom props","status":"passed","title":"renders with custom props","duration":41.954299999999876,"failureMessages":[],"meta":{}}],"startTime":1773150512376,"endTime":1773150512707.9543,"status":"passed","message":"","name":"C:/Users/Leonard/Projects/heat-seasons/packages/frontend/__tests__/unit/components/common/LoadingSkeletonCard.test.tsx"},{"assertionResults":[{"ancestorTitles":["Modal Component"],"fullName":"Modal Component renders modal with title and content when isOpen is true","status":"passed","title":"renders modal with title and content when isOpen is true","duration":42.19569999999976,"failureMessages":[],"meta":{}},{"ancestorTitles":["Modal Component"],"fullName":"Modal Component does not render modal when isOpen is false","status":"passed","title":"does not render modal when isOpen is false","duration":3.26050000000032,"failureMessages":[],"meta":{}},{"ancestorTitles":["Modal Component"],"fullName":"Modal Component calls onClose when overlay is clicked","status":"passed","title":"calls onClose when overlay is clicked","duration":8.412800000000061,"failureMessages":[],"meta":{}},{"ancestorTitles":["Modal Component"],"fullName":"Modal Component calls onClose when close button is clicked","status":"passed","title":"calls onClose when close button is clicked","duration":5.032200000000103,"failureMessages":[],"meta":{}},{"ancestorTitles":["Modal Component"],"fullName":"Modal Component does not call onClose when modal content is clicked","status":"passed","title":"does not call onClose when modal content is clicked","duration":4.829299999999876,"failureMessages":[],"meta":{}}],"startTime":1773150514454,"endTime":1773150514518.8293,"status":"passed","message":"","name":"C:/Users/Leonard/Projects/heat-seasons/packages/frontend/__tests__/unit/components/common/Modal.test.tsx"},{"assertionResults":[{"ancestorTitles":["PageHeader Component"],"fullName":"PageHeader Component renders with default props (title only)","status":"passed","title":"renders with default props (title only)","duration":35.6588999999999,"failureMessages":[],"meta":{}},{"ancestorTitles":["PageHeader Component"],"fullName":"PageHeader Component renders with subtitle","status":"passed","title":"renders with subtitle","duration":5.795599999999922,"failureMessages":[],"meta":{}},{"ancestorTitles":["PageHeader Component"],"fullName":"PageHeader Component renders minimal variant","status":"passed","title":"renders minimal variant","duration":4.07320000000027,"failureMessages":[],"meta":{}},{"ancestorTitles":["PageHeader Component"],"fullName":"PageHeader Component renders default variant","status":"passed","title":"renders default variant","duration":3.39449999999988,"failureMessages":[],"meta":{}},{"ancestorTitles":["PageHeader Component"],"fullName":"PageHeader Component renders hero variant","status":"passed","title":"renders hero variant","duration":16.23219999999992,"failureMessages":[],"meta":{}},{"ancestorTitles":["PageHeader Component"],"fullName":"PageHeader Component renders hero variant with subtitle","status":"passed","title":"renders hero variant with subtitle","duration":3.4231999999997242,"failureMessages":[],"meta":{}},{"ancestorTitles":["PageHeader Component"],"fullName":"PageHeader Component renders hero variant with background image","status":"passed","title":"renders hero variant with background image","duration":259.72109999999975,"failureMessages":[],"meta":{}},{"ancestorTitles":["PageHeader Component"],"fullName":"PageHeader Component renders hero variant with custom height","status":"passed","title":"renders hero variant with custom height","duration":33.99470000000019,"failureMessages":[],"meta":{}},{"ancestorTitles":["PageHeader Component"],"fullName":"PageHeader Component renders hero variant with default height when not specified","status":"passed","title":"renders hero variant with default height when not specified","duration":40.671299999999974,"failureMessages":[],"meta":{}},{"ancestorTitles":["PageHeader Component"],"fullName":"PageHeader Component renders hero variant with action node","status":"passed","title":"renders hero variant with action node","duration":3.2674999999999272,"failureMessages":[],"meta":{}},{"ancestorTitles":["PageHeader Component"],"fullName":"PageHeader Component does not render subtitle in minimal variant","status":"passed","title":"does not render subtitle in minimal variant","duration":1.4807000000000698,"failureMessages":[],"meta":{}}],"startTime":1773150512918,"endTime":1773150513326.4807,"status":"passed","message":"","name":"C:/Users/Leonard/Projects/heat-seasons/packages/frontend/__tests__/unit/components/common/PageHeader.test.tsx"},{"assertionResults":[{"ancestorTitles":["Tabs Component"],"fullName":"Tabs Component renders all tab labels","status":"passed","title":"renders all tab labels","duration":41.75199999999995,"failureMessages":[],"meta":{}},{"ancestorTitles":["Tabs Component"],"fullName":"Tabs Component marks the active tab with aria-selected=true","status":"passed","title":"marks the active tab with aria-selected=true","duration":264.7134000000001,"failureMessages":[],"meta":{}},{"ancestorTitles":["Tabs Component"],"fullName":"Tabs Component marks inactive tabs with aria-selected=false","status":"passed","title":"marks inactive tabs with aria-selected=false","duration":131.89129999999977,"failureMessages":[],"meta":{}},{"ancestorTitles":["Tabs Component"],"fullName":"Tabs Component calls onTabChange with the clicked tab id","status":"passed","title":"calls onTabChange with the clicked tab id","duration":98.02160000000003,"failureMessages":[],"meta":{}},{"ancestorTitles":["Tabs Component"],"fullName":"Tabs Component renders a tablist role","status":"passed","title":"renders a tablist role","duration":31.665899999999965,"failureMessages":[],"meta":{}}],"startTime":1773150508578,"endTime":1773150509145.666,"status":"passed","message":"","name":"C:/Users/Leonard/Projects/heat-seasons/packages/frontend/__tests__/unit/components/common/Tabs.test.tsx"},{"assertionResults":[{"ancestorTitles":["Toast Component"],"fullName":"Toast Component renders the message text","status":"passed","title":"renders the message text","duration":36.83609999999999,"failureMessages":[],"meta":{}},{"ancestorTitles":["Toast Component"],"fullName":"Toast Component renders the title","status":"passed","title":"renders the title","duration":4.651600000000144,"failureMessages":[],"meta":{}},{"ancestorTitles":["Toast Component"],"fullName":"Toast Component always applies the base toast class","status":"passed","title":"always applies the base toast class","duration":4.997400000000198,"failureMessages":[],"meta":{}},{"ancestorTitles":["Toast Component"],"fullName":"Toast Component defaults to the info variant class when type is not provided","status":"passed","title":"defaults to the info variant class when type is not provided","duration":4.946000000000367,"failureMessages":[],"meta":{}},{"ancestorTitles":["Toast Component"],"fullName":"Toast Component applies the \"success\" type class","status":"passed","title":"applies the \"success\" type class","duration":6.184499999999844,"failureMessages":[],"meta":{}},{"ancestorTitles":["Toast Component"],"fullName":"Toast Component applies the \"error\" type class","status":"passed","title":"applies the \"error\" type class","duration":2.8202000000001135,"failureMessages":[],"meta":{}},{"ancestorTitles":["Toast Component"],"fullName":"Toast Component applies the \"info\" type class","status":"passed","title":"applies the \"info\" type class","duration":2.8223000000002685,"failureMessages":[],"meta":{}},{"ancestorTitles":["Toast Component"],"fullName":"Toast Component applies the \"warning\" type class","status":"passed","title":"applies the \"warning\" type class","duration":2.3813999999997577,"failureMessages":[],"meta":{}},{"ancestorTitles":["Toast Component"],"fullName":"Toast Component does not render a close button when onClose is not provided","status":"passed","title":"does not render a close button when onClose is not provided","duration":5.958900000000085,"failureMessages":[],"meta":{}},{"ancestorTitles":["Toast Component"],"fullName":"Toast Component renders a close button when onClose is provided","status":"passed","title":"renders a close button when onClose is provided","duration":251.04129999999986,"failureMessages":[],"meta":{}},{"ancestorTitles":["Toast Component"],"fullName":"Toast Component calls onClose when the close button is clicked","status":"passed","title":"calls onClose when the close button is clicked","duration":109.2505000000001,"failureMessages":[],"meta":{}},{"ancestorTitles":["Toast Component"],"fullName":"Toast Component renders actionable variant action when provided","status":"passed","title":"renders actionable variant action when provided","duration":51.254599999999755,"failureMessages":[],"meta":{}}],"startTime":1773150507379,"endTime":1773150507863.2546,"status":"passed","message":"","name":"C:/Users/Leonard/Projects/heat-seasons/packages/frontend/__tests__/unit/components/common/Toast.test.tsx"},{"assertionResults":[{"ancestorTitles":["Footer Component"],"fullName":"Footer Component renders the footer element","status":"passed","title":"renders the footer element","duration":250.04109999999991,"failureMessages":[],"meta":{}},{"ancestorTitles":["Footer Component"],"fullName":"Footer Component displays the current year in copyright text","status":"passed","title":"displays the current year in copyright text","duration":9.42659999999978,"failureMessages":[],"meta":{}},{"ancestorTitles":["Footer Component"],"fullName":"Footer Component displays company name","status":"passed","title":"displays company name","duration":6.540700000000015,"failureMessages":[],"meta":{}},{"ancestorTitles":["Footer Component"],"fullName":"Footer Component displays all rights reserved text","status":"passed","title":"displays all rights reserved text","duration":3.6364000000003216,"failureMessages":[],"meta":{}},{"ancestorTitles":["Footer Component"],"fullName":"Footer Component uses semantic footer HTML","status":"passed","title":"uses semantic footer HTML","duration":9.358499999999822,"failureMessages":[],"meta":{}},{"ancestorTitles":["Footer Component"],"fullName":"Footer Component has correct styling classes applied","status":"passed","title":"has correct styling classes applied","duration":5.574800000000323,"failureMessages":[],"meta":{}}],"startTime":1773150513509,"endTime":1773150513793.5747,"status":"passed","message":"","name":"C:/Users/Leonard/Projects/heat-seasons/packages/frontend/__tests__/unit/components/layout/Footer.test.tsx"},{"assertionResults":[{"ancestorTitles":["Header Component","Rendering"],"fullName":"Header Component Rendering renders logo and navigation links","status":"passed","title":"renders logo and navigation links","duration":44.76440000000002,"failureMessages":[],"meta":{}},{"ancestorTitles":["Header Component","Rendering"],"fullName":"Header Component Rendering renders logo with proper attributes","status":"passed","title":"renders logo with proper attributes","duration":5.524400000000242,"failureMessages":[],"meta":{}},{"ancestorTitles":["Header Component","Rendering"],"fullName":"Header Component Rendering has accessible navigation","status":"passed","title":"has accessible navigation","duration":173.48819999999978,"failureMessages":[],"meta":{}},{"ancestorTitles":["Header Component","Authentication States"],"fullName":"Header Component Authentication States shows user name when authenticated","status":"passed","title":"shows user name when authenticated","duration":5.758499999999913,"failureMessages":[],"meta":{}},{"ancestorTitles":["Header Component","Authentication States"],"fullName":"Header Component Authentication States shows login button when not authenticated","status":"passed","title":"shows login button when not authenticated","duration":5.372199999999793,"failureMessages":[],"meta":{}},{"ancestorTitles":["Header Component","Authentication States"],"fullName":"Header Component Authentication States navigates to login when login button is clicked","status":"passed","title":"navigates to login when login button is clicked","duration":131.83910000000014,"failureMessages":[],"meta":{}},{"ancestorTitles":["Header Component","Hamburger Menu"],"fullName":"Header Component Hamburger Menu toggles hamburger menu on click","status":"passed","title":"toggles hamburger menu on click","duration":241.04220000000032,"failureMessages":[],"meta":{}},{"ancestorTitles":["Header Component","Hamburger Menu"],"fullName":"Header Component Hamburger Menu closes hamburger when clicking a navigation link","status":"passed","title":"closes hamburger when clicking a navigation link","duration":217.5057999999999,"failureMessages":[],"meta":{}},{"ancestorTitles":["Header Component","Hamburger Menu"],"fullName":"Header Component Hamburger Menu closes hamburger when clicking logo","status":"passed","title":"closes hamburger when clicking logo","duration":201.15899999999965,"failureMessages":[],"meta":{}},{"ancestorTitles":["Header Component","Keyboard Navigation"],"fullName":"Header Component Keyboard Navigation allows keyboard navigation through links","status":"passed","title":"allows keyboard navigation through links","duration":79.2143000000001,"failureMessages":[],"meta":{}},{"ancestorTitles":["Header Component","Scroll Behaviour"],"fullName":"Header Component Scroll Behaviour adds scrolled class when scrollY exceeds 50px","status":"passed","title":"adds scrolled class when scrollY exceeds 50px","duration":31.99539999999979,"failureMessages":[],"meta":{}},{"ancestorTitles":["Header Component","Scroll Behaviour"],"fullName":"Header Component Scroll Behaviour removes scrolled class when scrollY drops back to 0","status":"passed","title":"removes scrolled class when scrollY drops back to 0","duration":27.13709999999992,"failureMessages":[],"meta":{}},{"ancestorTitles":["Header Component","Scroll Behaviour"],"fullName":"Header Component Scroll Behaviour closes the hamburger menu when scrollY exceeds 50px","status":"passed","title":"closes the hamburger menu when scrollY exceeds 50px","duration":113.13510000000042,"failureMessages":[],"meta":{}},{"ancestorTitles":["Header Component","Scroll Behaviour"],"fullName":"Header Component Scroll Behaviour removes scroll listener on unmount","status":"passed","title":"removes scroll listener on unmount","duration":6.683600000000297,"failureMessages":[],"meta":{}},{"ancestorTitles":["Header Component","UserProfileBadge"],"fullName":"Header Component UserProfileBadge navigates to /profile when the badge is clicked","status":"passed","title":"navigates to /profile when the badge is clicked","duration":58.79709999999977,"failureMessages":[],"meta":{}},{"ancestorTitles":["Header Component","UserProfileBadge"],"fullName":"Header Component UserProfileBadge renders initials when profilePicture is empty","status":"passed","title":"renders initials when profilePicture is empty","duration":4.329899999999725,"failureMessages":[],"meta":{}},{"ancestorTitles":["Header Component","UserProfileBadge"],"fullName":"Header Component UserProfileBadge renders profile image when profilePicture is provided","status":"passed","title":"renders profile image when profilePicture is provided","duration":35.3126000000002,"failureMessages":[],"meta":{}},{"ancestorTitles":["Header Component","UserProfileBadge"],"fullName":"Header Component UserProfileBadge falls back to initials when the profile
[...]
"name":"C:/Users/Leonard/Projects/heat-seasons/packages/frontend/__tests__/unit/components/features/results/AddRaceResultsModal.test.tsx"},{"assertionResults":[{"ancestorTitles":["ResultsHeader Component"],"fullName":"ResultsHeader Component renders a season option for each season in the list","status":"passed","title":"renders a season option for each season in the list","duration":425.5363000000002,"failureMessages":[],"meta":{}},{"ancestorTitles":["ResultsHeader Component"],"fullName":"ResultsHeader Component renders an 'All' option and a race option for each race","status":"passed","title":"renders an 'All' option and a race option for each race","duration":157.58669999999984,"failureMessages":[],"meta":{}},{"ancestorTitles":["ResultsHeader Component"],"fullName":"ResultsHeader Component calls onSeasonChange with the new season id when the season select changes","status":"passed","title":"calls onSeasonChange with the new season id when the season select changes","duration":91.59829999999965,"failureMessages":[],"meta":{}},{"ancestorTitles":["ResultsHeader Component"],"fullName":"ResultsHeader Component calls onRaceChange with the new race id when the race select changes","status":"passed","title":"calls onRaceChange with the new race id when the race select changes","duration":64.3702000000003,"failureMessages":[],"meta":{}},{"ancestorTitles":["ResultsHeader Component"],"fullName":"ResultsHeader Component shows the 'Add RaceResults' button when the user is an admin","status":"passed","title":"shows the 'Add RaceResults' button when the user is an admin","duration":40.006900000000314,"failureMessages":[],"meta":{}},{"ancestorTitles":["ResultsHeader Component"],"fullName":"ResultsHeader Component hides the 'Add RaceResults' button when the user is not an admin","status":"passed","title":"hides the 'Add RaceResults' button when the user is not an admin","duration":6.109399999999823,"failureMessages":[],"meta":{}},{"ancestorTitles":["ResultsHeader Component"],"fullName":"ResultsHeader Component hides the 'Add RaceResults' button when there is no logged-in user","status":"passed","title":"hides the 'Add RaceResults' button when there is no logged-in user","duration":2.964599999999791,"failureMessages":[],"meta":{}},{"ancestorTitles":["ResultsHeader Component"],"fullName":"ResultsHeader Component calls onAddResults when the 'Add RaceResults' button is clicked","status":"passed","title":"calls onAddResults when the 'Add RaceResults' button is clicked","duration":69.98970000000008,"failureMessages":[],"meta":{}},{"ancestorTitles":["ResultsHeader Component"],"fullName":"ResultsHeader Component shows the 'Update RaceResults' button when admin, onUpdateResults, and selectedRaceId are all present","status":"passed","title":"shows the 'Update RaceResults' button when admin, onUpdateResults, and selectedRaceId are all present","duration":35.834100000000035,"failureMessages":[],"meta":{}},{"ancestorTitles":["ResultsHeader Component"],"fullName":"ResultsHeader Component hides the 'Update RaceResults' button when selectedRaceId is null","status":"passed","title":"hides the 'Update RaceResults' button when selectedRaceId is null","duration":27.78690000000006,"failureMessages":[],"meta":{}},{"ancestorTitles":["ResultsHeader Component"],"fullName":"ResultsHeader Component hides the 'Update RaceResults' button when onUpdateResults is not provided","status":"passed","title":"hides the 'Update RaceResults' button when onUpdateResults is not provided","duration":30.983000000000175,"failureMessages":[],"meta":{}},{"ancestorTitles":["ResultsHeader Component"],"fullName":"ResultsHeader Component hides the 'Update RaceResults' button when the user is not an admin","status":"passed","title":"hides the 'Update RaceResults' button when the user is not an admin","duration":3.194500000000062,"failureMessages":[],"meta":{}},{"ancestorTitles":["ResultsHeader Component"],"fullName":"ResultsHeader Component calls onUpdateResults when the 'Update RaceResults' button is clicked","status":"passed","title":"calls onUpdateResults when the 'Update RaceResults' button is clicked","duration":39.244300000000294,"failureMessages":[],"meta":{}}],"startTime":1773150503312,"endTime":1773150504309.2444,"status":"passed","message":"","name":"C:/Users/Leonard/Projects/heat-seasons/packages/frontend/__tests__/unit/components/features/results/ResultsHeader.test.tsx"},{"assertionResults":[{"ancestorTitles":["ResultsTable Component"],"fullName":"ResultsTable Component renders a loading skeleton when isLoading is true","status":"passed","title":"renders a loading skeleton when isLoading is true","duration":46.054699999999684,"failureMessages":[],"meta":{}},{"ancestorTitles":["ResultsTable Component"],"fullName":"ResultsTable Component renders an error message when error is set","status":"passed","title":"renders an error message when error is set","duration":4.490499999999884,"failureMessages":[],"meta":{}},{"ancestorTitles":["ResultsTable Component"],"fullName":"ResultsTable Component renders all table column headers","status":"passed","title":"renders all table column headers","duration":10.541400000000067,"failureMessages":[],"meta":{}},{"ancestorTitles":["ResultsTable Component"],"fullName":"ResultsTable Component renders a row for each result with racer data from the map","status":"passed","title":"renders a row for each result with racer data from the map","duration":8.954200000000128,"failureMessages":[],"meta":{}},{"ancestorTitles":["ResultsTable Component"],"fullName":"ResultsTable Component renders position and points values in each row","status":"passed","title":"renders position and points values in each row","duration":12.855399999999918,"failureMessages":[],"meta":{}},{"ancestorTitles":["ResultsTable Component"],"fullName":"ResultsTable Component renders 'Unknown Racer' and 'Unknown Team' for racers not in the map","status":"passed","title":"renders 'Unknown Racer' and 'Unknown Team' for racers not in the map","duration":3.8114999999997963,"failureMessages":[],"meta":{}},{"ancestorTitles":["ResultsTable Component"],"fullName":"ResultsTable Component calls onSortBy with 'position' when Position header is clicked","status":"passed","title":"calls onSortBy with 'position' when Position header is clicked","duration":262.02070000000003,"failureMessages":[],"meta":{}},{"ancestorTitles":["ResultsTable Component"],"fullName":"ResultsTable Component calls onSortBy with 'points' when Points header is clicked","status":"passed","title":"calls onSortBy with 'points' when Points header is clicked","duration":79.4672999999998,"failureMessages":[],"meta":{}},{"ancestorTitles":["ResultsTable Component"],"fullName":"ResultsTable Component calls onSortBy with 'racerId' when Racer header is clicked","status":"passed","title":"calls onSortBy with 'racerId' when Racer header is clicked","duration":83.90250000000015,"failureMessages":[],"meta":{}},{"ancestorTitles":["ResultsTable Component"],"fullName":"ResultsTable Component calls onSortBy with 'constructorPoints' when Constructor Points header is clicked","status":"passed","title":"calls onSortBy with 'constructorPoints' when Constructor Points header is clicked","duration":104.36389999999983,"failureMessages":[],"meta":{}},{"ancestorTitles":["ResultsTable Component"],"fullName":"ResultsTable Component does not throw when onSortBy is not provided and a header is clicked","status":"passed","title":"does not throw when onSortBy is not provided and a header is clicked","duration":107.12700000000041,"failureMessages":[],"meta":{}}],"startTime":1773150506993,"endTime":1773150507717.127,"status":"passed","message":"","name":"C:/Users/Leonard/Projects/heat-seasons/packages/frontend/__tests__/unit/components/features/results/ResultsTable.test.tsx"},{"assertionResults":[{"ancestorTitles":["AddSeasonModal Component"],"fullName":"AddSeasonModal Component does not render the modal when isOpen is false","status":"passed","title":"does not render the modal when isOpen is false","duration":28.86740000000009,"failureMessages":[],"meta":{}},{"ancestorTitles":["AddSeasonModal Component"],"fullName":"AddSeasonModal Component renders the modal when isOpen is true","status":"passed","title":"renders the modal when isOpen is true","duration":21.75550000000021,"failureMessages":[],"meta":{}},{"ancestorTitles":["AddSeasonModal Component"],"fullName":"AddSeasonModal Component calls onClose when the modal close button is clicked","status":"passed","title":"calls onClose when the modal close button is clicked","duration":338.0992000000001,"failureMessages":[],"meta":{}},{"ancestorTitles":["AddSeasonModal Component"],"fullName":"AddSeasonModal Component shows a validation error and does not call createSeason when season name is missing","status":"passed","title":"shows a validation error and does not call createSeason when season name is missing","duration":165.0671000000002,"failureMessages":[],"meta":{}},{"ancestorTitles":["AddSeasonModal Component"],"fullName":"AddSeasonModal Component shows a validation error and does not call createSeason when start date is missing","status":"passed","title":"shows a validation error and does not call createSeason when start date is missing","duration":98.82510000000002,"failureMessages":[],"meta":{}},{"ancestorTitles":["AddSeasonModal Component"],"fullName":"AddSeasonModal Component calls createSeason with the correct args on valid submission","status":"passed","title":"calls createSeason with the correct args on valid submission","duration":104.5596999999998,"failureMessages":[],"meta":{}},{"ancestorTitles":["AddSeasonModal Component"],"fullName":"AddSeasonModal Component calls onSubmit after a successful create","status":"passed","title":"calls onSubmit after a successful create","duration":95.86090000000013,"failureMessages":[],"meta":{}},{"ancestorTitles":["AddSeasonModal Component"],"fullName":"AddSeasonModal Component shows an error message in the DOM when createSeason fails","status":"passed","title":"shows an error message in the DOM when createSeason fails","duration":73.33689999999979,"failureMessages":[],"meta":{}}],"startTime":1773150503362,"endTime":1773150504289.337,"status":"passed","message":"","name":"C:/Users/Leonard/Projects/heat-seasons/packages/frontend/__tests__/unit/components/features/season/AddSeasonModal.test.tsx"},{"assertionResults":[{"ancestorTitles":["EditSeasonModal Component"],"fullName":"EditSeasonModal Component does not render when isOpen is false","status":"passed","title":"does not render when isOpen is false","duration":28.88189999999986,"failureMessages":[],"meta":{}},{"ancestorTitles":["EditSeasonModal Component"],"fullName":"EditSeasonModal Component renders the modal when isOpen is true","status":"passed","title":"renders the modal when isOpen is true","duration":26.527500000000146,"failureMessages":[],"meta":{}},{"ancestorTitles":["EditSeasonModal Component"],"fullName":"EditSeasonModal Component pre-fills the season name from the season prop","status":"passed","title":"pre-fills the season name from the season prop","duration":7.046700000000328,"failureMessages":[],"meta":{}},{"ancestorTitles":["EditSeasonModal Component"],"fullName":"EditSeasonModal Component pre-fills the start date from the season prop","status":"passed","title":"pre-fills the start date from the season prop","duration":6.259600000000319,"failureMessages":[],"meta":{}},{"ancestorTitles":["EditSeasonModal Component"],"fullName":"EditSeasonModal Component pre-fills the status from the season prop","status":"passed","title":"pre-fills the status from the season prop","duration":7.0822000000002845,"failureMessages":[],"meta":{}},{"ancestorTitles":["EditSeasonModal Component"],"fullName":"EditSeasonModal Component shows hint text when status is set to completed and season has no end date","status":"passed","title":"shows hint text when status is set to completed and season has no end date","duration":464.7237,"failureMessages":[],"meta":{}},{"ancestorTitles":["EditSeasonModal Component"],"fullName":"EditSeasonModal Component shows hint text when status is set to archived and season has no end date","status":"passed","title":"shows hint text when status is set to archived and season has no end date","duration":138.92729999999983,"failureMessages":[],"meta":{}},{"ancestorTitles":["EditSeasonModal Component"],"fullName":"EditSeasonModal Component does not show hint text when the season already has an end date","status":"passed","title":"does not show hint text when the season already has an end date","duration":114.04880000000003,"failureMessages":[],"meta":{}},{"ancestorTitles":["EditSeasonModal Component"],"fullName":"EditSeasonModal Component calls onClose when the Cancel button is clicked","status":"passed","title":"calls onClose when the Cancel button is clicked","duration":98.58770000000004,"failureMessages":[],"meta":{}},{"ancestorTitles":["EditSeasonModal Component"],"fullName":"EditSeasonModal Component calls onClose when the modal × button is clicked","status":"passed","title":"calls onClose when the modal × button is clicked","duration":48.89919999999984,"failureMessages":[],"meta":{}},{"ancestorTitles":["EditSeasonModal Component"],"fullName":"EditSeasonModal Component calls updateSeason with the correct args on valid submission","status":"passed","title":"calls updateSeason with the correct args on valid submission","duration":112.5976999999998,"failureMessages":[],"meta":{}},{"ancestorTitles":["EditSeasonModal Component"],"fullName":"EditSeasonModal Component calls onSubmit after a successful update","status":"passed","title":"calls onSubmit after a successful update","duration":103.84200000000055,"failureMessages":[],"meta":{}},{"ancestorTitles":["EditSeasonModal Component"],"fullName":"EditSeasonModal Component shows an error message when updateSeason fails","status":"passed","title":"shows an error message when updateSeason fails","duration":101.65599999999995,"failureMessages":[],"meta":{}},{"ancestorTitles":["EditSeasonModal Component"],"fullName":"EditSeasonModal Component disables the submit button while submitting","status":"passed","title":"disables the submit button while submitting","duration":228.80389999999989,"failureMessages":[],"meta":{}}],"startTime":1773150503361,"endTime":1773150504849.804,"status":"passed","message":"","name":"C:/Users/Leonard/Projects/heat-seasons/packages/frontend/__tests__/unit/components/features/season/EditSeasonModal.test.tsx"},{"assertionResults":[{"ancestorTitles":["SeasonCard Component"],"fullName":"SeasonCard Component renders the season name and start date","status":"passed","title":"renders the season name and start date","duration":41.083500000000186,"failureMessages":[],"meta":{}},{"ancestorTitles":["SeasonCard Component"],"fullName":"SeasonCard Component applies the correct status class based on season.status","status":"passed","title":"applies the correct status class based on season.status","duration":10.388299999999617,"failureMessages":[],"meta":{}},{"ancestorTitles":["SeasonCard Component"],"fullName":"SeasonCard Component displays end date when season.endDate is defined","status":"passed","title":"displays end date when season.endDate is defined","duration":4.3840000000000146,"failureMessages":[],"meta":{}},{"ancestorTitles":["SeasonCard Component"],"fullName":"SeasonCard Component displays 'Ongoing' when season.endDate is undefined","status":"passed","title":"displays 'Ongoing' when season.endDate is undefined","duration":9.523599999999988,"failureMessages":[],"meta":{}},{"ancestorTitles":["SeasonCard Component"],"fullName":"SeasonCard Component shows 'Join Season' button when user can join","status":"passed","title":"shows 'Join Season' button when user can join","duration":305.3582999999999,"failureMessages":[],"meta":{}},{"ancestorTitles":["SeasonCard Component"],"fullName":"SeasonCard Component shows 'Joining...' button when isJoining is true","status":"passed","title":"shows 'Joining...' button when isJoining is true","duration":52.98959999999988,"failureMessages":[],"meta":{}},{"ancestorTitles":["SeasonCard Component"],"fullName":"SeasonCard Component shows 'Joined' badge when isJoined is true","status":"passed","title":"shows 'Joined' badge when isJoined is true","duration":3.9711999999999534,"failureMessages":[],"meta":{}},{"ancestorTitles":["SeasonCard Component"],"fullName":"SeasonCard Component shows 'Edit' and 'Delete' buttons when user is admin","status":"passed","title":"shows 'Edit' and 'Delete' buttons when user is admin","duration":55.540899999999965,"failureMessages":[],"meta":{}},{"ancestorTitles":["SeasonCard Component"],"fullName":"SeasonCard Component calls handleJoin when 'Join Season' button is clicked","status":"passed","title":"calls handleJoin when 'Join Season' button is clicked","duration":119.72710000000006,"failureMessages":[],"meta":{}},{"ancestorTitles":["SeasonCard Component"],"fullName":"SeasonCard Component calls setEditingSeason with the season when 'Edit' button is clicked","status":"passed","title":"calls setEditingSeason with the season when 'Edit' button is clicked","duration":67.83840000000009,"failureMessages":[],"meta":{}},{"ancestorTitles":["SeasonCard Component"],"fullName":"SeasonCard Component calls handleDelete with the season when 'Delete' button is clicked","status":"passed","title":"calls handleDelete with the season when 'Delete' button is clicked","duration":60.55749999999989,"failureMessages":[],"meta":{}},{"ancestorTitles":["SeasonCard Component"],"fullName":"SeasonCard Component displays participant count when participants is defined","status":"passed","title":"displays participant count when participants is defined","duration":3.568499999999858,"failureMessages":[],"meta":{}},{"ancestorTitles":["SeasonCard Component"],"fullName":"SeasonCard Component shows racer hint for authenticated users without a racer in joinable seasons","status":"passed","title":"shows racer hint for authenticated users without a racer in joinable seasons","duration":35.128099999999904,"failureMessages":[],"meta":{}},{"ancestorTitles":["SeasonCard Component"],"fullName":"SeasonCard Component does not show racer hint for users with a racer linked","status":"passed","title":"does not show racer hint for users with a racer linked","duration":4.140600000000177,"failureMessages":[],"meta":{}},{"ancestorTitles":["SeasonCard Component"],"fullName":"SeasonCard Component does not show racer hint for archived seasons","status":"passed","title":"does not show racer hint for archived seasons","duration":2.3866000000002714,"failureMessages":[],"meta":{}},{"ancestorTitles":["SeasonCard Component"],"fullName":"SeasonCard Component does not show racer hint for unauthenticated users","status":"passed","title":"does not show racer hint for unauthenticated users","duration":5.129699999999957,"failureMessages":[],"meta":{}}],"startTime":1773150506669,"endTime":1773150507451.1296,"status":"passed","message":"","name":"C:/Users/Leonard/Projects/heat-seasons/packages/frontend/__tests__/unit/components/features/season/SeasonCard.test.tsx"},{"assertionResults":[{"ancestorTitles":["TeamCard Component"],"fullName":"TeamCard Component renders team name and color","status":"passed","title":"renders team name and color","duration":335.1373000000003,"failureMessages":[],"meta":{}},{"ancestorTitles":["TeamCard Component"],"fullName":"TeamCard Component renders when no team color is provided","status":"passed","title":"renders when no team color is provided","duration":45.76940000000013,"failureMessages":[],"meta":{}},{"ancestorTitles":["TeamCard Component"],"fullName":"TeamCard Component renders a list of racers","status":"passed","title":"renders a list of racers","duration":7.980899999999565,"failureMessages":[],"meta":{}}],"startTime":1773150513237,"endTime":1773150513626.981,"status":"passed","message":"","name":"C:/Users/Leonard/Projects/heat-seasons/packages/frontend/__tests__/unit/components/features/team/TeamCard.test.tsx"}]}